{"C:\\Users\\mwrobel\\OneDrive - TRANSITION TECHNOLOGIES PSC S.A\\Desktop\\magisterka\\charging-station\\src\\app.ts": {"path":"C:\\Users\\mwrobel\\OneDrive - TRANSITION TECHNOLOGIES PSC S.A\\Desktop\\magisterka\\charging-station\\src\\app.ts","statementMap":{"0":{"start":{"line":1,"column":0},"end":{"line":1,"column":30}},"1":{"start":{"line":2,"column":0},"end":{"line":2,"column":43}},"2":{"start":{"line":3,"column":0},"end":{"line":3,"column":45}},"3":{"start":{"line":4,"column":0},"end":{"line":4,"column":49}},"4":{"start":{"line":5,"column":0},"end":{"line":5,"column":69}},"5":{"start":{"line":6,"column":0},"end":{"line":6,"column":61}},"6":{"start":{"line":7,"column":0},"end":{"line":7,"column":49}},"7":{"start":{"line":8,"column":0},"end":{"line":8,"column":41}},"8":{"start":{"line":10,"column":12},"end":{"line":10,"column":21}},"9":{"start":{"line":12,"column":0},"end":{"line":12,"column":21}},"10":{"start":{"line":14,"column":0},"end":{"line":14,"column":24}},"11":{"start":{"line":15,"column":0},"end":{"line":15,"column":46}},"12":{"start":{"line":16,"column":0},"end":{"line":16,"column":42}},"13":{"start":{"line":17,"column":0},"end":{"line":17,"column":36}},"14":{"start":{"line":18,"column":0},"end":{"line":18,"column":32}},"15":{"start":{"line":19,"column":0},"end":{"line":19,"column":72}},"16":{"start":{"line":21,"column":0},"end":{"line":21,"column":19}}},"fnMap":{},"branchMap":{},"s":{"0":4,"1":4,"2":4,"3":4,"4":4,"5":4,"6":4,"7":4,"8":4,"9":4,"10":4,"11":4,"12":4,"13":4,"14":4,"15":4,"16":4},"f":{},"b":{}}
,"C:\\Users\\mwrobel\\OneDrive - TRANSITION TECHNOLOGIES PSC S.A\\Desktop\\magisterka\\charging-station\\src\\db\\dbinit.ts": {"path":"C:\\Users\\mwrobel\\OneDrive - TRANSITION TECHNOLOGIES PSC S.A\\Desktop\\magisterka\\charging-station\\src\\db\\dbinit.ts","statementMap":{"0":{"start":{"line":1,"column":0},"end":{"line":1,"column":38}},"1":{"start":{"line":2,"column":0},"end":{"line":2,"column":106}},"2":{"start":{"line":3,"column":0},"end":{"line":3,"column":94}},"3":{"start":{"line":4,"column":0},"end":{"line":4,"column":89}},"4":{"start":{"line":5,"column":0},"end":{"line":5,"column":37}},"5":{"start":{"line":8,"column":0},"end":{"line":17,"column":null}},"6":{"start":{"line":9,"column":1},"end":{"line":9,"column":66}},"7":{"start":{"line":11,"column":1},"end":{"line":16,"column":4}},"8":{"start":{"line":19,"column":0},"end":{"line":19,"column":28}},"9":{"start":{"line":20,"column":0},"end":{"line":20,"column":24}},"10":{"start":{"line":21,"column":0},"end":{"line":21,"column":31}},"11":{"start":{"line":24,"column":1},"end":{"line":24,"column":34}},"12":{"start":{"line":25,"column":1},"end":{"line":25,"column":30}},"13":{"start":{"line":26,"column":1},"end":{"line":26,"column":24}},"14":{"start":{"line":27,"column":1},"end":{"line":80,"column":null}},"15":{"start":{"line":28,"column":36},"end":{"line":28,"column":69}},"16":{"start":{"line":30,"column":2},"end":{"line":77,"column":null}},"17":{"start":{"line":31,"column":3},"end":{"line":31,"column":42}},"18":{"start":{"line":32,"column":3},"end":{"line":32,"column":47}},"19":{"start":{"line":34,"column":39},"end":{"line":65,"column":5}},"20":{"start":{"line":67,"column":3},"end":{"line":72,"column":null}},"21":{"start":{"line":68,"column":4},"end":{"line":71,"column":7}},"22":{"start":{"line":74,"column":3},"end":{"line":74,"column":43}},"23":{"start":{"line":76,"column":3},"end":{"line":76,"column":74}},"24":{"start":{"line":79,"column":2},"end":{"line":79,"column":65}},"25":{"start":{"line":83,"column":9},"end":{"line":83,"column":27}}},"fnMap":{"0":{"name":"initializeDatabase","decl":{"start":{"line":23,"column":15},"end":{"line":23,"column":33}},"loc":{"start":{"line":23,"column":33},"end":{"line":81,"column":null}}}},"branchMap":{"0":{"loc":{"start":{"line":8,"column":0},"end":{"line":17,"column":null}},"type":"if","locations":[{"start":{"line":8,"column":0},"end":{"line":17,"column":null}},{"start":{"line":10,"column":7},"end":{"line":17,"column":null}}]},"1":{"loc":{"start":{"line":30,"column":2},"end":{"line":77,"column":null}},"type":"if","locations":[{"start":{"line":30,"column":2},"end":{"line":77,"column":null}},{"start":{"line":75,"column":9},"end":{"line":77,"column":null}}]}},"s":{"0":5,"1":5,"2":5,"3":5,"4":5,"5":5,"6":5,"7":0,"8":5,"9":5,"10":5,"11":86,"12":86,"13":86,"14":86,"15":86,"16":86,"17":82,"18":81,"19":81,"20":81,"21":404,"22":78,"23":4,"24":3,"25":5},"f":{"0":86},"b":{"0":[5,0],"1":[82,4]}}
,"C:\\Users\\mwrobel\\OneDrive - TRANSITION TECHNOLOGIES PSC S.A\\Desktop\\magisterka\\charging-station\\src\\docs\\swagger.ts": {"path":"C:\\Users\\mwrobel\\OneDrive - TRANSITION TECHNOLOGIES PSC S.A\\Desktop\\magisterka\\charging-station\\src\\docs\\swagger.ts","statementMap":{"0":{"start":{"line":1,"column":0},"end":{"line":1,"column":41}},"1":{"start":{"line":2,"column":0},"end":{"line":2,"column":24}},"2":{"start":{"line":4,"column":16},"end":{"line":14,"column":2}},"3":{"start":{"line":16,"column":14},"end":{"line":16,"column":35}},"4":{"start":{"line":17,"column":0},"end":{"line":17,"column":21}}},"fnMap":{},"branchMap":{},"s":{"0":4,"1":4,"2":4,"3":4,"4":4},"f":{},"b":{}}
,"C:\\Users\\mwrobel\\OneDrive - TRANSITION TECHNOLOGIES PSC S.A\\Desktop\\magisterka\\charging-station\\src\\middleware\\auth.ts": {"path":"C:\\Users\\mwrobel\\OneDrive - TRANSITION TECHNOLOGIES PSC S.A\\Desktop\\magisterka\\charging-station\\src\\middleware\\auth.ts","statementMap":{"0":{"start":{"line":2,"column":0},"end":{"line":2,"column":35}},"1":{"start":{"line":3,"column":0},"end":{"line":3,"column":31}},"2":{"start":{"line":5,"column":17},"end":{"line":13,"column":2}},"3":{"start":{"line":5,"column":36},"end":{"line":13,"column":2}},"4":{"start":{"line":6,"column":16},"end":{"line":6,"column":38}},"5":{"start":{"line":7,"column":1},"end":{"line":7,"column":55}},"6":{"start":{"line":7,"column":14},"end":{"line":7,"column":55}},"7":{"start":{"line":8,"column":1},"end":{"line":8,"column":69}},"8":{"start":{"line":8,"column":35},"end":{"line":8,"column":69}},"9":{"start":{"line":9,"column":15},"end":{"line":9,"column":65}},"10":{"start":{"line":10,"column":17},"end":{"line":10,"column":33}},"11":{"start":{"line":11,"column":1},"end":{"line":11,"column":51}},"12":{"start":{"line":11,"column":15},"end":{"line":11,"column":51}},"13":{"start":{"line":12,"column":1},"end":{"line":12,"column":26}},"14":{"start":{"line":15,"column":13},"end":{"line":24,"column":2}},"15":{"start":{"line":15,"column":62},"end":{"line":24,"column":2}},"16":{"start":{"line":16,"column":1},"end":{"line":23,"column":null}},"17":{"start":{"line":17,"column":28},"end":{"line":17,"column":47}},"18":{"start":{"line":18,"column":18},"end":{"line":18,"column":43}},"19":{"start":{"line":19,"column":2},"end":{"line":19,"column":53}},"20":{"start":{"line":19,"column":35},"end":{"line":19,"column":53}},"21":{"start":{"line":20,"column":2},"end":{"line":20,"column":9}},"22":{"start":{"line":22,"column":2},"end":{"line":22,"column":49}},"23":{"start":{"line":50,"column":9},"end":{"line":50,"column":13}},"24":{"start":{"line":26,"column":25},"end":{"line":35,"column":2}},"25":{"start":{"line":26,"column":70},"end":{"line":35,"column":2}},"26":{"start":{"line":27,"column":1},"end":{"line":34,"column":null}},"27":{"start":{"line":28,"column":28},"end":{"line":28,"column":47}},"28":{"start":{"line":29,"column":2},"end":{"line":29,"column":56}},"29":{"start":{"line":30,"column":2},"end":{"line":30,"column":20}},"30":{"start":{"line":31,"column":2},"end":{"line":31,"column":9}},"31":{"start":{"line":33,"column":2},"end":{"line":33,"column":49}},"32":{"start":{"line":50,"column":15},"end":{"line":50,"column":31}},"33":{"start":{"line":37,"column":26},"end":{"line":48,"column":2}},"34":{"start":{"line":37,"column":71},"end":{"line":48,"column":2}},"35":{"start":{"line":38,"column":16},"end":{"line":38,"column":39}},"36":{"start":{"line":39,"column":21},"end":{"line":39,"column":40}},"37":{"start":{"line":41,"column":1},"end":{"line":41,"column":104}},"38":{"start":{"line":41,"column":19},"end":{"line":41,"column":104}},"39":{"start":{"line":43,"column":1},"end":{"line":45,"column":null}},"40":{"start":{"line":44,"column":2},"end":{"line":44,"column":60}},"41":{"start":{"line":47,"column":1},"end":{"line":47,"column":8}},"42":{"start":{"line":50,"column":33},"end":{"line":50,"column":50}}},"fnMap":{"0":{"name":"(anonymous_8)","decl":{"start":{"line":5,"column":17},"end":{"line":5,"column":24}},"loc":{"start":{"line":5,"column":36},"end":{"line":13,"column":2}}},"1":{"name":"(anonymous_9)","decl":{"start":{"line":5,"column":36},"end":{"line":5,"column":null}},"loc":{"start":{"line":5,"column":36},"end":{"line":13,"column":1}}},"2":{"name":"(anonymous_10)","decl":{"start":{"line":15,"column":13},"end":{"line":15,"column":20}},"loc":{"start":{"line":15,"column":62},"end":{"line":24,"column":2}}},"3":{"name":"(anonymous_11)","decl":{"start":{"line":15,"column":62},"end":{"line":15,"column":null}},"loc":{"start":{"line":15,"column":62},"end":{"line":24,"column":1}}},"4":{"name":"(anonymous_12)","decl":{"start":{"line":26,"column":25},"end":{"line":26,"column":32}},"loc":{"start":{"line":26,"column":70},"end":{"line":35,"column":2}}},"5":{"name":"(anonymous_13)","decl":{"start":{"line":26,"column":70},"end":{"line":26,"column":null}},"loc":{"start":{"line":26,"column":70},"end":{"line":35,"column":1}}},"6":{"name":"(anonymous_14)","decl":{"start":{"line":37,"column":26},"end":{"line":37,"column":33}},"loc":{"start":{"line":37,"column":71},"end":{"line":48,"column":2}}},"7":{"name":"(anonymous_15)","decl":{"start":{"line":37,"column":71},"end":{"line":37,"column":null}},"loc":{"start":{"line":37,"column":71},"end":{"line":48,"column":1}}}},"branchMap":{"0":{"loc":{"start":{"line":7,"column":1},"end":{"line":7,"column":55}},"type":"if","locations":[{"start":{"line":7,"column":1},"end":{"line":7,"column":55}}]},"1":{"loc":{"start":{"line":8,"column":1},"end":{"line":8,"column":69}},"type":"if","locations":[{"start":{"line":8,"column":1},"end":{"line":8,"column":69}}]},"2":{"loc":{"start":{"line":11,"column":1},"end":{"line":11,"column":51}},"type":"if","locations":[{"start":{"line":11,"column":1},"end":{"line":11,"column":51}}]},"3":{"loc":{"start":{"line":19,"column":2},"end":{"line":19,"column":53}},"type":"if","locations":[{"start":{"line":19,"column":2},"end":{"line":19,"column":53}}]},"4":{"loc":{"start":{"line":41,"column":1},"end":{"line":41,"column":104}},"type":"if","locations":[{"start":{"line":41,"column":1},"end":{"line":41,"column":104}}]},"5":{"loc":{"start":{"line":43,"column":1},"end":{"line":45,"column":null}},"type":"if","locations":[{"start":{"line":43,"column":1},"end":{"line":45,"column":null}}]},"6":{"loc":{"start":{"line":43,"column":5},"end":{"line":43,"column":38}},"type":"binary-expr","locations":[{"start":{"line":43,"column":5},"end":{"line":43,"column":12}},{"start":{"line":43,"column":16},"end":{"line":43,"column":38}}]}},"s":{"0":2,"1":2,"2":2,"3":16,"4":16,"5":16,"6":3,"7":13,"8":3,"9":10,"10":10,"11":10,"12":3,"13":7,"14":2,"15":6,"16":6,"17":6,"18":3,"19":1,"20":0,"21":1,"22":5,"23":2,"24":2,"25":10,"26":10,"27":10,"28":4,"29":2,"30":2,"31":8,"32":2,"33":2,"34":7,"35":7,"36":7,"37":7,"38":2,"39":5,"40":2,"41":3,"42":2},"f":{"0":16,"1":16,"2":6,"3":6,"4":10,"5":10,"6":7,"7":7},"b":{"0":[3],"1":[3],"2":[3],"3":[0],"4":[2],"5":[2],"6":[5,4]}}
,"C:\\Users\\mwrobel\\OneDrive - TRANSITION TECHNOLOGIES PSC S.A\\Desktop\\magisterka\\charging-station\\src\\models\\chargingStation.model.ts": {"path":"C:\\Users\\mwrobel\\OneDrive - TRANSITION TECHNOLOGIES PSC S.A\\Desktop\\magisterka\\charging-station\\src\\models\\chargingStation.model.ts","statementMap":{"0":{"start":{"line":1,"column":0},"end":{"line":1,"column":64}},"1":{"start":{"line":2,"column":0},"end":{"line":2,"column":66}},"2":{"start":{"line":58,"column":9},"end":{"line":58,"column":24}},"3":{"start":{"line":13,"column":19},"end":{"line":56,"column":1}},"4":{"start":{"line":14,"column":1},"end":{"line":50,"column":3}},"5":{"start":{"line":52,"column":1},"end":{"line":55,"column":4}},"6":{"start":{"line":58,"column":26},"end":{"line":58,"column":36}}},"fnMap":{"0":{"name":"(anonymous_0)","decl":{"start":{"line":13,"column":19},"end":{"line":13,"column":20}},"loc":{"start":{"line":13,"column":44},"end":{"line":56,"column":1}}}},"branchMap":{},"s":{"0":5,"1":5,"2":5,"3":5,"4":5,"5":5,"6":5},"f":{"0":5},"b":{}}
,"C:\\Users\\mwrobel\\OneDrive - TRANSITION TECHNOLOGIES PSC S.A\\Desktop\\magisterka\\charging-station\\src\\models\\chargingStationType.model.ts": {"path":"C:\\Users\\mwrobel\\OneDrive - TRANSITION TECHNOLOGIES PSC S.A\\Desktop\\magisterka\\charging-station\\src\\models\\chargingStationType.model.ts","statementMap":{"0":{"start":{"line":1,"column":0},"end":{"line":1,"column":64}},"1":{"start":{"line":60,"column":9},"end":{"line":60,"column":28}},"2":{"start":{"line":11,"column":19},"end":{"line":58,"column":2}},"3":{"start":{"line":11,"column":50},"end":{"line":58,"column":2}},"4":{"start":{"line":12,"column":1},"end":{"line":57,"column":3}},"5":{"start":{"line":60,"column":30},"end":{"line":60,"column":40}}},"fnMap":{"0":{"name":"(anonymous_7)","decl":{"start":{"line":11,"column":19},"end":{"line":11,"column":26}},"loc":{"start":{"line":11,"column":50},"end":{"line":58,"column":2}}},"1":{"name":"(anonymous_8)","decl":{"start":{"line":11,"column":50},"end":{"line":11,"column":null}},"loc":{"start":{"line":11,"column":50},"end":{"line":58,"column":1}}}},"branchMap":{},"s":{"0":5,"1":5,"2":5,"3":5,"4":5,"5":5},"f":{"0":5,"1":5},"b":{}}
,"C:\\Users\\mwrobel\\OneDrive - TRANSITION TECHNOLOGIES PSC S.A\\Desktop\\magisterka\\charging-station\\src\\models\\connector.model.ts": {"path":"C:\\Users\\mwrobel\\OneDrive - TRANSITION TECHNOLOGIES PSC S.A\\Desktop\\magisterka\\charging-station\\src\\models\\connector.model.ts","statementMap":{"0":{"start":{"line":1,"column":0},"end":{"line":1,"column":64}},"1":{"start":{"line":2,"column":0},"end":{"line":2,"column":58}},"2":{"start":{"line":48,"column":9},"end":{"line":48,"column":18}},"3":{"start":{"line":11,"column":19},"end":{"line":46,"column":1}},"4":{"start":{"line":12,"column":1},"end":{"line":40,"column":3}},"5":{"start":{"line":42,"column":1},"end":{"line":45,"column":4}},"6":{"start":{"line":48,"column":20},"end":{"line":48,"column":30}}},"fnMap":{"0":{"name":"(anonymous_0)","decl":{"start":{"line":11,"column":19},"end":{"line":11,"column":20}},"loc":{"start":{"line":11,"column":44},"end":{"line":46,"column":1}}}},"branchMap":{},"s":{"0":5,"1":5,"2":5,"3":5,"4":5,"5":5,"6":5},"f":{"0":5},"b":{}}
,"C:\\Users\\mwrobel\\OneDrive - TRANSITION TECHNOLOGIES PSC S.A\\Desktop\\magisterka\\charging-station\\src\\router\\chargingstation.ts": {"path":"C:\\Users\\mwrobel\\OneDrive - TRANSITION TECHNOLOGIES PSC S.A\\Desktop\\magisterka\\charging-station\\src\\router\\chargingstation.ts","statementMap":{"0":{"start":{"line":1,"column":0},"end":{"line":1,"column":53}},"1":{"start":{"line":2,"column":0},"end":{"line":2,"column":42}},"2":{"start":{"line":3,"column":0},"end":{"line":3,"column":66}},"3":{"start":{"line":4,"column":0},"end":{"line":4,"column":37}},"4":{"start":{"line":5,"column":0},"end":{"line":5,"column":74}},"5":{"start":{"line":6,"column":0},"end":{"line":6,"column":34}},"6":{"start":{"line":8,"column":15},"end":{"line":8,"column":31}},"7":{"start":{"line":9,"column":28},"end":{"line":9,"column":48}},"8":{"start":{"line":39,"column":0},"end":{"line":71,"column":3}},"9":{"start":{"line":39,"column":63},"end":{"line":71,"column":2}},"10":{"start":{"line":40,"column":1},"end":{"line":70,"column":null}},"11":{"start":{"line":41,"column":2},"end":{"line":41,"column":46}},"12":{"start":{"line":43,"column":2},"end":{"line":45,"column":null}},"13":{"start":{"line":44,"column":3},"end":{"line":44,"column":57}},"14":{"start":{"line":47,"column":2},"end":{"line":49,"column":null}},"15":{"start":{"line":48,"column":3},"end":{"line":48,"column":50}},"16":{"start":{"line":51,"column":2},"end":{"line":53,"column":null}},"17":{"start":{"line":52,"column":3},"end":{"line":52,"column":44}},"18":{"start":{"line":55,"column":19},"end":{"line":55,"column":52}},"19":{"start":{"line":56,"column":17},"end":{"line":56,"column":61}},"20":{"start":{"line":58,"column":2},"end":{"line":61,"column":null}},"21":{"start":{"line":59,"column":3},"end":{"line":59,"column":42}},"22":{"start":{"line":60,"column":3},"end":{"line":60,"column":69}},"23":{"start":{"line":63,"column":2},"end":{"line":63,"column":41}},"24":{"start":{"line":65,"column":2},"end":{"line":65,"column":48}},"25":{"start":{"line":66,"column":2},"end":{"line":66,"column":25}},"26":{"start":{"line":68,"column":2},"end":{"line":68,"column":61}},"27":{"start":{"line":69,"column":2},"end":{"line":69,"column":49}},"28":{"start":{"line":155,"column":0},"end":{"line":189,"column":3}},"29":{"start":{"line":155,"column":62},"end":{"line":189,"column":2}},"30":{"start":{"line":156,"column":1},"end":{"line":188,"column":null}},"31":{"start":{"line":157,"column":2},"end":{"line":157,"column":35}},"32":{"start":{"line":158,"column":16},"end":{"line":158,"column":64}},"33":{"start":{"line":159,"column":17},"end":{"line":159,"column":66}},"34":{"start":{"line":161,"column":21},"end":{"line":161,"column":23}},"35":{"start":{"line":163,"column":2},"end":{"line":163,"column":50}},"36":{"start":{"line":163,"column":22},"end":{"line":163,"column":50}},"37":{"start":{"line":164,"column":2},"end":{"line":164,"column":65}},"38":{"start":{"line":164,"column":27},"end":{"line":164,"column":65}},"39":{"start":{"line":165,"column":2},"end":{"line":165,"column":68}},"40":{"start":{"line":165,"column":28},"end":{"line":165,"column":68}},"41":{"start":{"line":166,"column":2},"end":{"line":166,"column":86}},"42":{"start":{"line":166,"column":34},"end":{"line":166,"column":86}},"43":{"start":{"line":167,"column":2},"end":{"line":167,"column":110}},"44":{"start":{"line":167,"column":42},"end":{"line":167,"column":110}},"45":{"start":{"line":169,"column":27},"end":{"line":174,"column":4}},"46":{"start":{"line":176,"column":2},"end":{"line":184,"column":null}},"47":{"start":{"line":177,"column":20},"end":{"line":181,"column":5}},"48":{"start":{"line":178,"column":23},"end":{"line":178,"column":39}},"49":{"start":{"line":179,"column":4},"end":{"line":179,"column":47}},"50":{"start":{"line":180,"column":4},"end":{"line":180,"column":22}},"51":{"start":{"line":182,"column":3},"end":{"line":182,"column":76}},"52":{"start":{"line":183,"column":3},"end":{"line":183,"column":22}},"53":{"start":{"line":186,"column":2},"end":{"line":186,"column":66}},"54":{"start":{"line":187,"column":2},"end":{"line":187,"column":49}},"55":{"start":{"line":228,"column":0},"end":{"line":251,"column":3}},"56":{"start":{"line":228,"column":66},"end":{"line":251,"column":2}},"57":{"start":{"line":229,"column":1},"end":{"line":250,"column":null}},"58":{"start":{"line":230,"column":17},"end":{"line":230,"column":27}},"59":{"start":{"line":231,"column":2},"end":{"line":231,"column":41}},"60":{"start":{"line":233,"column":26},"end":{"line":235,"column":4}},"61":{"start":{"line":237,"column":2},"end":{"line":240,"column":null}},"62":{"start":{"line":238,"column":3},"end":{"line":238,"column":52}},"63":{"start":{"line":239,"column":3},"end":{"line":239,"column":33}},"64":{"start":{"line":242,"column":17},"end":{"line":242,"column":41}},"65":{"start":{"line":243,"column":2},"end":{"line":243,"column":43}},"66":{"start":{"line":245,"column":2},"end":{"line":245,"column":55}},"67":{"start":{"line":246,"column":2},"end":{"line":246,"column":21}},"68":{"start":{"line":248,"column":2},"end":{"line":248,"column":60}},"69":{"start":{"line":249,"column":2},"end":{"line":249,"column":49}},"70":{"start":{"line":287,"column":0},"end":{"line":335,"column":3}},"71":{"start":{"line":287,"column":68},"end":{"line":335,"column":2}},"72":{"start":{"line":288,"column":16},"end":{"line":288,"column":26}},"73":{"start":{"line":289,"column":23},"end":{"line":289,"column":98}},"74":{"start":{"line":290,"column":22},"end":{"line":290,"column":43}},"75":{"start":{"line":292,"column":1},"end":{"line":292,"column":52}},"76":{"start":{"line":294,"column":1},"end":{"line":297,"column":null}},"77":{"start":{"line":295,"column":2},"end":{"line":295,"column":41}},"78":{"start":{"line":296,"column":2},"end":{"line":296,"column":72}},"79":{"start":{"line":299,"column":1},"end":{"line":305,"column":null}},"80":{"start":{"line":303,"column":2},"end":{"line":303,"column":41}},"81":{"start":{"line":304,"column":2},"end":{"line":304,"column":66}},"82":{"start":{"line":307,"column":24},"end":{"line":307,"column":84}},"83":{"start":{"line":307,"column":53},"end":{"line":307,"column":83}},"84":{"start":{"line":309,"column":1},"end":{"line":312,"column":null}},"85":{"start":{"line":310,"column":2},"end":{"line":310,"column":47}},"86":{"start":{"line":311,"column":2},"end":{"line":311,"column":69}},"87":{"start":{"line":314,"column":1},"end":{"line":334,"column":null}},"88":{"start":{"line":315,"column":18},"end":{"line":317,"column":4}},"89":{"start":{"line":319,"column":2},"end":{"line":322,"column":null}},"90":{"start":{"line":320,"column":3},"end":{"line":320,"column":52}},"91":{"start":{"line":321,"column":3},"end":{"line":321,"column":33}},"92":{"start":{"line":324,"column":2},"end":{"line":324,"column":53}},"93":{"start":{"line":325,"column":2},"end":{"line":325,"column":13}},"94":{"start":{"line":327,"column":2},"end":{"line":330,"column":null}},"95":{"start":{"line":328,"column":3},"end":{"line":328,"column":38}},"96":{"start":{"line":329,"column":3},"end":{"line":329,"column":57}},"97":{"start":{"line":332,"column":2},"end":{"line":332,"column":74}},"98":{"start":{"line":333,"column":2},"end":{"line":333,"column":59}},"99":{"start":{"line":337,"column":0},"end":{"line":337,"column":22}}},"fnMap":{"0":{"name":"(anonymous_8)","decl":{"start":{"line":39,"column":25},"end":{"line":39,"column":32}},"loc":{"start":{"line":39,"column":63},"end":{"line":71,"column":2}}},"1":{"name":"(anonymous_9)","decl":{"start":{"line":39,"column":63},"end":{"line":39,"column":null}},"loc":{"start":{"line":39,"column":63},"end":{"line":71,"column":1}}},"2":{"name":"(anonymous_10)","decl":{"start":{"line":155,"column":24},"end":{"line":155,"column":31}},"loc":{"start":{"line":155,"column":62},"end":{"line":189,"column":2}}},"3":{"name":"(anonymous_11)","decl":{"start":{"line":155,"column":62},"end":{"line":155,"column":null}},"loc":{"start":{"line":155,"column":62},"end":{"line":189,"column":1}}},"4":{"name":"(anonymous_12)","decl":{"start":{"line":177,"column":41},"end":{"line":177,"column":42}},"loc":{"start":{"line":177,"column":58},"end":{"line":181,"column":4}}},"5":{"name":"(anonymous_13)","decl":{"start":{"line":228,"column":28},"end":{"line":228,"column":35}},"loc":{"start":{"line":228,"column":66},"end":{"line":251,"column":2}}},"6":{"name":"(anonymous_14)","decl":{"start":{"line":228,"column":66},"end":{"line":228,"column":null}},"loc":{"start":{"line":228,"column":66},"end":{"line":251,"column":1}}},"7":{"name":"(anonymous_15)","decl":{"start":{"line":287,"column":30},"end":{"line":287,"column":37}},"loc":{"start":{"line":287,"column":68},"end":{"line":335,"column":2}}},"8":{"name":"(anonymous_16)","decl":{"start":{"line":287,"column":68},"end":{"line":287,"column":null}},"loc":{"start":{"line":287,"column":68},"end":{"line":335,"column":1}}},"9":{"name":"(anonymous_17)","decl":{"start":{"line":307,"column":42},"end":{"line":307,"column":43}},"loc":{"start":{"line":307,"column":53},"end":{"line":307,"column":83}}}},"branchMap":{"0":{"loc":{"start":{"line":43,"column":2},"end":{"line":45,"column":null}},"type":"if","locations":[{"start":{"line":43,"column":2},"end":{"line":45,"column":null}}]},"1":{"loc":{"start":{"line":43,"column":6},"end":{"line":43,"column":51}},"type":"binary-expr","locations":[{"start":{"line":43,"column":6},"end":{"line":43,"column":17}},{"start":{"line":43,"column":21},"end":{"line":43,"column":51}}]},"2":{"loc":{"start":{"line":47,"column":2},"end":{"line":49,"column":null}},"type":"if","locations":[{"start":{"line":47,"column":2},"end":{"line":49,"column":null}}]},"3":{"loc":{"start":{"line":51,"column":2},"end":{"line":53,"column":null}},"type":"if","locations":[{"start":{"line":51,"column":2},"end":{"line":53,"column":null}}]},"4":{"loc":{"start":{"line":51,"column":6},"end":{"line":51,"column":99}},"type":"binary-expr","locations":[{"start":{"line":51,"column":6},"end":{"line":51,"column":43}},{"start":{"line":51,"column":47},"end":{"line":51,"column":99}}]},"5":{"loc":{"start":{"line":58,"column":2},"end":{"line":61,"column":null}},"type":"if","locations":[{"start":{"line":58,"column":2},"end":{"line":61,"column":null}}]},"6":{"loc":{"start":{"line":158,"column":16},"end":{"line":158,"column":64}},"type":"binary-expr","locations":[{"start":{"line":158,"column":16},"end":{"line":158,"column":51}},{"start":{"line":158,"column":55},"end":{"line":158,"column":64}}]},"7":{"loc":{"start":{"line":159,"column":17},"end":{"line":159,"column":66}},"type":"binary-expr","locations":[{"start":{"line":159,"column":17},"end":{"line":159,"column":53}},{"start":{"line":159,"column":57},"end":{"line":159,"column":66}}]},"8":{"loc":{"start":{"line":163,"column":2},"end":{"line":163,"column":50}},"type":"if","locations":[{"start":{"line":163,"column":2},"end":{"line":163,"column":50}}]},"9":{"loc":{"start":{"line":164,"column":2},"end":{"line":164,"column":65}},"type":"if","locations":[{"start":{"line":164,"column":2},"end":{"line":164,"column":65}}]},"10":{"loc":{"start":{"line":165,"column":2},"end":{"line":165,"column":68}},"type":"if","locations":[{"start":{"line":165,"column":2},"end":{"line":165,"column":68}}]},"11":{"loc":{"start":{"line":166,"column":2},"end":{"line":166,"column":86}},"type":"if","locations":[{"start":{"line":166,"column":2},"end":{"line":166,"column":86}}]},"12":{"loc":{"start":{"line":167,"column":2},"end":{"line":167,"column":110}},"type":"if","locations":[{"start":{"line":167,"column":2},"end":{"line":167,"column":110}}]},"13":{"loc":{"start":{"line":176,"column":2},"end":{"line":184,"column":null}},"type":"if","locations":[{"start":{"line":176,"column":2},"end":{"line":184,"column":null}}]},"14":{"loc":{"start":{"line":237,"column":2},"end":{"line":240,"column":null}},"type":"if","locations":[{"start":{"line":237,"column":2},"end":{"line":240,"column":null}}]},"15":{"loc":{"start":{"line":294,"column":1},"end":{"line":297,"column":null}},"type":"if","locations":[{"start":{"line":294,"column":1},"end":{"line":297,"column":null}}]},"16":{"loc":{"start":{"line":294,"column":5},"end":{"line":294,"column":125}},"type":"binary-expr","locations":[{"start":{"line":294,"column":5},"end":{"line":294,"column":40}},{"start":{"line":294,"column":45},"end":{"line":294,"column":84}},{"start":{"line":294,"column":88},"end":{"line":294,"column":124}}]},"17":{"loc":{"start":{"line":299,"column":1},"end":{"line":305,"column":null}},"type":"if","locations":[{"start":{"line":299,"column":1},"end":{"line":305,"column":null}}]},"18":{"loc":{"start":{"line":300,"column":2},"end":{"line":301,"column":109}},"type":"binary-expr","locations":[{"start":{"line":300,"column":3},"end":{"line":300,"column":37}},{"start":{"line":300,"column":41},"end":{"line":300,"column":78}},{"start":{"line":301,"column":3},"end":{"line":301,"column":52}},{"start":{"line":301,"column":56},"end":{"line":301,"column":108}}]},"19":{"loc":{"start":{"line":309,"column":1},"end":{"line":312,"column":null}},"type":"if","locations":[{"start":{"line":309,"column":1},"end":{"line":312,"column":null}}]},"20":{"loc":{"start":{"line":319,"column":2},"end":{"line":322,"column":null}},"type":"if","locations":[{"start":{"line":319,"column":2},"end":{"line":322,"column":null}}]},"21":{"loc":{"start":{"line":327,"column":2},"end":{"line":330,"column":null}},"type":"if","locations":[{"start":{"line":327,"column":2},"end":{"line":330,"column":null}}]}},"s":{"0":4,"1":4,"2":4,"3":4,"4":4,"5":4,"6":4,"7":4,"8":4,"9":10,"10":10,"11":10,"12":10,"13":1,"14":9,"15":1,"16":7,"17":2,"18":5,"19":5,"20":5,"21":1,"22":1,"23":4,"24":2,"25":2,"26":7,"27":7,"28":4,"29":6,"30":6,"31":6,"32":6,"33":6,"34":6,"35":6,"36":1,"37":6,"38":1,"39":6,"40":1,"41":6,"42":1,"43":6,"44":1,"45":6,"46":6,"47":6,"48":14,"49":14,"50":14,"51":6,"52":6,"53":0,"54":0,"55":4,"56":3,"57":3,"58":3,"59":3,"60":3,"61":3,"62":2,"63":2,"64":1,"65":1,"66":1,"67":1,"68":0,"69":0,"70":4,"71":7,"72":7,"73":7,"74":7,"75":7,"76":7,"77":2,"78":2,"79":5,"80":2,"81":2,"82":3,"83":6,"84":3,"85":1,"86":1,"87":2,"88":2,"89":2,"90":1,"91":1,"92":1,"93":1,"94":0,"95":0,"96":0,"97":0,"98":0,"99":4},"f":{"0":10,"1":10,"2":6,"3":6,"4":14,"5":3,"6":3,"7":7,"8":7,"9":6},"b":{"0":[1],"1":[10,2],"2":[1],"3":[2],"4":[7,6],"5":[1],"6":[6,6],"7":[6,6],"8":[1],"9":[1],"10":[1],"11":[1],"12":[1],"13":[6],"14":[2],"15":[2],"16":[7,3,2],"17":[2],"18":[5,2,4,2],"19":[1],"20":[1],"21":[0]}}
,"C:\\Users\\mwrobel\\OneDrive - TRANSITION TECHNOLOGIES PSC S.A\\Desktop\\magisterka\\charging-station\\src\\router\\chargingstationtype.ts": {"path":"C:\\Users\\mwrobel\\OneDrive - TRANSITION TECHNOLOGIES PSC S.A\\Desktop\\magisterka\\charging-station\\src\\router\\chargingstationtype.ts","statementMap":{"0":{"start":{"line":1,"column":0},"end":{"line":1,"column":53}},"1":{"start":{"line":2,"column":0},"end":{"line":2,"column":42}},"2":{"start":{"line":3,"column":0},"end":{"line":3,"column":74}},"3":{"start":{"line":4,"column":0},"end":{"line":4,"column":31}},"4":{"start":{"line":5,"column":0},"end":{"line":5,"column":37}},"5":{"start":{"line":6,"column":0},"end":{"line":6,"column":34}},"6":{"start":{"line":8,"column":15},"end":{"line":8,"column":31}},"7":{"start":{"line":9,"column":32},"end":{"line":9,"column":56}},"8":{"start":{"line":36,"column":0},"end":{"line":50,"column":3}},"9":{"start":{"line":36,"column":67},"end":{"line":50,"column":2}},"10":{"start":{"line":37,"column":1},"end":{"line":49,"column":null}},"11":{"start":{"line":38,"column":2},"end":{"line":38,"column":50}},"12":{"start":{"line":39,"column":2},"end":{"line":41,"column":null}},"13":{"start":{"line":40,"column":3},"end":{"line":40,"column":57}},"14":{"start":{"line":42,"column":2},"end":{"line":42,"column":45}},"15":{"start":{"line":44,"column":2},"end":{"line":44,"column":52}},"16":{"start":{"line":45,"column":2},"end":{"line":45,"column":25}},"17":{"start":{"line":47,"column":2},"end":{"line":47,"column":65}},"18":{"start":{"line":48,"column":2},"end":{"line":48,"column":49}},"19":{"start":{"line":126,"column":0},"end":{"line":156,"column":3}},"20":{"start":{"line":126,"column":66},"end":{"line":156,"column":2}},"21":{"start":{"line":127,"column":1},"end":{"line":155,"column":null}},"22":{"start":{"line":128,"column":2},"end":{"line":128,"column":39}},"23":{"start":{"line":129,"column":16},"end":{"line":129,"column":64}},"24":{"start":{"line":130,"column":17},"end":{"line":130,"column":66}},"25":{"start":{"line":132,"column":21},"end":{"line":132,"column":23}},"26":{"start":{"line":134,"column":2},"end":{"line":134,"column":50}},"27":{"start":{"line":134,"column":22},"end":{"line":134,"column":50}},"28":{"start":{"line":135,"column":2},"end":{"line":135,"column":68}},"29":{"start":{"line":135,"column":28},"end":{"line":135,"column":68}},"30":{"start":{"line":136,"column":2},"end":{"line":136,"column":68}},"31":{"start":{"line":136,"column":28},"end":{"line":136,"column":68}},"32":{"start":{"line":137,"column":2},"end":{"line":137,"column":74}},"33":{"start":{"line":137,"column":30},"end":{"line":137,"column":74}},"34":{"start":{"line":139,"column":2},"end":{"line":143,"column":null}},"35":{"start":{"line":140,"column":3},"end":{"line":142,"column":5}},"36":{"start":{"line":145,"column":31},"end":{"line":149,"column":4}},"37":{"start":{"line":150,"column":2},"end":{"line":150,"column":79}},"38":{"start":{"line":151,"column":2},"end":{"line":151,"column":33}},"39":{"start":{"line":153,"column":2},"end":{"line":153,"column":70}},"40":{"start":{"line":154,"column":2},"end":{"line":154,"column":49}},"41":{"start":{"line":189,"column":0},"end":{"line":207,"column":3}},"42":{"start":{"line":189,"column":70},"end":{"line":207,"column":2}},"43":{"start":{"line":190,"column":1},"end":{"line":206,"column":null}},"44":{"start":{"line":191,"column":17},"end":{"line":191,"column":27}},"45":{"start":{"line":192,"column":2},"end":{"line":192,"column":45}},"46":{"start":{"line":194,"column":30},"end":{"line":194,"column":68}},"47":{"start":{"line":196,"column":2},"end":{"line":199,"column":null}},"48":{"start":{"line":197,"column":3},"end":{"line":197,"column":56}},"49":{"start":{"line":198,"column":3},"end":{"line":198,"column":33}},"50":{"start":{"line":201,"column":2},"end":{"line":201,"column":59}},"51":{"start":{"line":202,"column":2},"end":{"line":202,"column":32}},"52":{"start":{"line":204,"column":2},"end":{"line":204,"column":64}},"53":{"start":{"line":205,"column":2},"end":{"line":205,"column":49}},"54":{"start":{"line":243,"column":0},"end":{"line":278,"column":3}},"55":{"start":{"line":243,"column":72},"end":{"line":278,"column":2}},"56":{"start":{"line":244,"column":16},"end":{"line":244,"column":26}},"57":{"start":{"line":245,"column":23},"end":{"line":245,"column":67}},"58":{"start":{"line":246,"column":22},"end":{"line":246,"column":43}},"59":{"start":{"line":248,"column":1},"end":{"line":248,"column":56}},"60":{"start":{"line":250,"column":24},"end":{"line":250,"column":84}},"61":{"start":{"line":250,"column":53},"end":{"line":250,"column":83}},"62":{"start":{"line":252,"column":1},"end":{"line":255,"column":null}},"63":{"start":{"line":253,"column":2},"end":{"line":253,"column":51}},"64":{"start":{"line":254,"column":2},"end":{"line":254,"column":69}},"65":{"start":{"line":257,"column":1},"end":{"line":277,"column":null}},"66":{"start":{"line":258,"column":18},"end":{"line":260,"column":4}},"67":{"start":{"line":262,"column":2},"end":{"line":265,"column":null}},"68":{"start":{"line":263,"column":3},"end":{"line":263,"column":56}},"69":{"start":{"line":264,"column":3},"end":{"line":264,"column":33}},"70":{"start":{"line":267,"column":2},"end":{"line":267,"column":57}},"71":{"start":{"line":268,"column":2},"end":{"line":268,"column":13}},"72":{"start":{"line":270,"column":2},"end":{"line":273,"column":null}},"73":{"start":{"line":271,"column":3},"end":{"line":271,"column":38}},"74":{"start":{"line":272,"column":3},"end":{"line":272,"column":57}},"75":{"start":{"line":275,"column":2},"end":{"line":275,"column":78}},"76":{"start":{"line":276,"column":2},"end":{"line":276,"column":59}},"77":{"start":{"line":280,"column":0},"end":{"line":280,"column":22}}},"fnMap":{"0":{"name":"(anonymous_8)","decl":{"start":{"line":36,"column":29},"end":{"line":36,"column":36}},"loc":{"start":{"line":36,"column":67},"end":{"line":50,"column":2}}},"1":{"name":"(anonymous_9)","decl":{"start":{"line":36,"column":67},"end":{"line":36,"column":null}},"loc":{"start":{"line":36,"column":67},"end":{"line":50,"column":1}}},"2":{"name":"(anonymous_10)","decl":{"start":{"line":126,"column":28},"end":{"line":126,"column":35}},"loc":{"start":{"line":126,"column":66},"end":{"line":156,"column":2}}},"3":{"name":"(anonymous_11)","decl":{"start":{"line":126,"column":66},"end":{"line":126,"column":null}},"loc":{"start":{"line":126,"column":66},"end":{"line":156,"column":1}}},"4":{"name":"(anonymous_12)","decl":{"start":{"line":189,"column":32},"end":{"line":189,"column":39}},"loc":{"start":{"line":189,"column":70},"end":{"line":207,"column":2}}},"5":{"name":"(anonymous_13)","decl":{"start":{"line":189,"column":70},"end":{"line":189,"column":null}},"loc":{"start":{"line":189,"column":70},"end":{"line":207,"column":1}}},"6":{"name":"(anonymous_14)","decl":{"start":{"line":243,"column":34},"end":{"line":243,"column":41}},"loc":{"start":{"line":243,"column":72},"end":{"line":278,"column":2}}},"7":{"name":"(anonymous_15)","decl":{"start":{"line":243,"column":72},"end":{"line":243,"column":null}},"loc":{"start":{"line":243,"column":72},"end":{"line":278,"column":1}}},"8":{"name":"(anonymous_16)","decl":{"start":{"line":250,"column":42},"end":{"line":250,"column":43}},"loc":{"start":{"line":250,"column":53},"end":{"line":250,"column":83}}}},"branchMap":{"0":{"loc":{"start":{"line":39,"column":2},"end":{"line":41,"column":null}},"type":"if","locations":[{"start":{"line":39,"column":2},"end":{"line":41,"column":null}}]},"1":{"loc":{"start":{"line":39,"column":6},"end":{"line":39,"column":51}},"type":"binary-expr","locations":[{"start":{"line":39,"column":6},"end":{"line":39,"column":17}},{"start":{"line":39,"column":21},"end":{"line":39,"column":51}}]},"2":{"loc":{"start":{"line":129,"column":16},"end":{"line":129,"column":64}},"type":"binary-expr","locations":[{"start":{"line":129,"column":16},"end":{"line":129,"column":51}},{"start":{"line":129,"column":55},"end":{"line":129,"column":64}}]},"3":{"loc":{"start":{"line":130,"column":17},"end":{"line":130,"column":66}},"type":"binary-expr","locations":[{"start":{"line":130,"column":17},"end":{"line":130,"column":53}},{"start":{"line":130,"column":57},"end":{"line":130,"column":66}}]},"4":{"loc":{"start":{"line":134,"column":2},"end":{"line":134,"column":50}},"type":"if","locations":[{"start":{"line":134,"column":2},"end":{"line":134,"column":50}}]},"5":{"loc":{"start":{"line":135,"column":2},"end":{"line":135,"column":68}},"type":"if","locations":[{"start":{"line":135,"column":2},"end":{"line":135,"column":68}}]},"6":{"loc":{"start":{"line":136,"column":2},"end":{"line":136,"column":68}},"type":"if","locations":[{"start":{"line":136,"column":2},"end":{"line":136,"column":68}}]},"7":{"loc":{"start":{"line":137,"column":2},"end":{"line":137,"column":74}},"type":"if","locations":[{"start":{"line":137,"column":2},"end":{"line":137,"column":74}}]},"8":{"loc":{"start":{"line":139,"column":2},"end":{"line":143,"column":null}},"type":"if","locations":[{"start":{"line":139,"column":2},"end":{"line":143,"column":null}}]},"9":{"loc":{"start":{"line":139,"column":6},"end":{"line":139,"column":56}},"type":"binary-expr","locations":[{"start":{"line":139,"column":6},"end":{"line":139,"column":29}},{"start":{"line":139,"column":33},"end":{"line":139,"column":56}}]},"10":{"loc":{"start":{"line":196,"column":2},"end":{"line":199,"column":null}},"type":"if","locations":[{"start":{"line":196,"column":2},"end":{"line":199,"column":null}}]},"11":{"loc":{"start":{"line":252,"column":1},"end":{"line":255,"column":null}},"type":"if","locations":[{"start":{"line":252,"column":1},"end":{"line":255,"column":null}}]},"12":{"loc":{"start":{"line":262,"column":2},"end":{"line":265,"column":null}},"type":"if","locations":[{"start":{"line":262,"column":2},"end":{"line":265,"column":null}}]},"13":{"loc":{"start":{"line":270,"column":2},"end":{"line":273,"column":null}},"type":"if","locations":[{"start":{"line":270,"column":2},"end":{"line":273,"column":null}}]}},"s":{"0":4,"1":4,"2":4,"3":4,"4":4,"5":4,"6":4,"7":4,"8":4,"9":9,"10":9,"11":9,"12":9,"13":1,"14":8,"15":2,"16":2,"17":7,"18":7,"19":4,"20":8,"21":8,"22":8,"23":8,"24":8,"25":8,"26":8,"27":1,"28":8,"29":1,"30":8,"31":1,"32":8,"33":1,"34":8,"35":1,"36":8,"37":8,"38":8,"39":0,"40":0,"41":4,"42":3,"43":3,"44":3,"45":3,"46":3,"47":3,"48":2,"49":2,"50":1,"51":1,"52":0,"53":0,"54":4,"55":7,"56":7,"57":7,"58":7,"59":7,"60":7,"61":9,"62":7,"63":1,"64":1,"65":6,"66":6,"67":2,"68":1,"69":1,"70":1,"71":1,"72":4,"73":4,"74":4,"75":0,"76":0,"77":4},"f":{"0":9,"1":9,"2":8,"3":8,"4":3,"5":3,"6":7,"7":7,"8":9},"b":{"0":[1],"1":[9,1],"2":[8,7],"3":[8,7],"4":[1],"5":[1],"6":[1],"7":[1],"8":[1],"9":[8,1],"10":[2],"11":[1],"12":[1],"13":[4]}}
,"C:\\Users\\mwrobel\\OneDrive - TRANSITION TECHNOLOGIES PSC S.A\\Desktop\\magisterka\\charging-station\\src\\router\\connector.ts": {"path":"C:\\Users\\mwrobel\\OneDrive - TRANSITION TECHNOLOGIES PSC S.A\\Desktop\\magisterka\\charging-station\\src\\router\\connector.ts","statementMap":{"0":{"start":{"line":1,"column":0},"end":{"line":1,"column":53}},"1":{"start":{"line":2,"column":0},"end":{"line":2,"column":42}},"2":{"start":{"line":3,"column":0},"end":{"line":3,"column":54}},"3":{"start":{"line":4,"column":0},"end":{"line":4,"column":37}},"4":{"start":{"line":5,"column":0},"end":{"line":5,"column":66}},"5":{"start":{"line":6,"column":0},"end":{"line":6,"column":34}},"6":{"start":{"line":8,"column":15},"end":{"line":8,"column":31}},"7":{"start":{"line":9,"column":22},"end":{"line":9,"column":36}},"8":{"start":{"line":10,"column":28},"end":{"line":10,"column":48}},"9":{"start":{"line":12,"column":27},"end":{"line":21,"column":2}},"10":{"start":{"line":12,"column":82},"end":{"line":21,"column":2}},"11":{"start":{"line":13,"column":1},"end":{"line":20,"column":null}},"12":{"start":{"line":14,"column":29},"end":{"line":16,"column":4}},"13":{"start":{"line":17,"column":2},"end":{"line":19,"column":null}},"14":{"start":{"line":18,"column":3},"end":{"line":18,"column":121}},"15":{"start":{"line":23,"column":28},"end":{"line":34,"column":2}},"16":{"start":{"line":23,"column":127},"end":{"line":34,"column":2}},"17":{"start":{"line":24,"column":34},"end":{"line":24,"column":83}},"18":{"start":{"line":25,"column":25},"end":{"line":29,"column":8}},"19":{"start":{"line":31,"column":1},"end":{"line":33,"column":null}},"20":{"start":{"line":32,"column":2},"end":{"line":32,"column":107}},"21":{"start":{"line":62,"column":0},"end":{"line":96,"column":3}},"22":{"start":{"line":62,"column":70},"end":{"line":96,"column":2}},"23":{"start":{"line":63,"column":1},"end":{"line":95,"column":null}},"24":{"start":{"line":64,"column":2},"end":{"line":64,"column":53}},"25":{"start":{"line":66,"column":2},"end":{"line":68,"column":null}},"26":{"start":{"line":67,"column":3},"end":{"line":67,"column":57}},"27":{"start":{"line":70,"column":2},"end":{"line":72,"column":null}},"28":{"start":{"line":71,"column":3},"end":{"line":71,"column":44}},"29":{"start":{"line":74,"column":28},"end":{"line":74,"column":56}},"30":{"start":{"line":75,"column":26},"end":{"line":75,"column":113}},"31":{"start":{"line":77,"column":2},"end":{"line":82,"column":null}},"32":{"start":{"line":78,"column":3},"end":{"line":78,"column":49}},"33":{"start":{"line":79,"column":3},"end":{"line":81,"column":6}},"34":{"start":{"line":84,"column":2},"end":{"line":84,"column":65}},"35":{"start":{"line":86,"column":2},"end":{"line":86,"column":85}},"36":{"start":{"line":88,"column":2},"end":{"line":88,"column":35}},"37":{"start":{"line":90,"column":2},"end":{"line":90,"column":42}},"38":{"start":{"line":91,"column":2},"end":{"line":91,"column":25}},"39":{"start":{"line":93,"column":2},"end":{"line":93,"column":55}},"40":{"start":{"line":94,"column":2},"end":{"line":94,"column":49}},"41":{"start":{"line":164,"column":0},"end":{"line":196,"column":3}},"42":{"start":{"line":164,"column":69},"end":{"line":196,"column":2}},"43":{"start":{"line":165,"column":1},"end":{"line":195,"column":null}},"44":{"start":{"line":166,"column":2},"end":{"line":166,"column":42}},"45":{"start":{"line":167,"column":16},"end":{"line":167,"column":64}},"46":{"start":{"line":168,"column":17},"end":{"line":168,"column":66}},"47":{"start":{"line":170,"column":21},"end":{"line":170,"column":23}},"48":{"start":{"line":172,"column":2},"end":{"line":172,"column":50}},"49":{"start":{"line":172,"column":22},"end":{"line":172,"column":50}},"50":{"start":{"line":173,"column":2},"end":{"line":173,"column":62}},"51":{"start":{"line":173,"column":26},"end":{"line":173,"column":62}},"52":{"start":{"line":174,"column":2},"end":{"line":174,"column":95}},"53":{"start":{"line":174,"column":37},"end":{"line":174,"column":95}},"54":{"start":{"line":176,"column":21},"end":{"line":181,"column":4}},"55":{"start":{"line":183,"column":2},"end":{"line":191,"column":null}},"56":{"start":{"line":184,"column":20},"end":{"line":188,"column":5}},"57":{"start":{"line":185,"column":25},"end":{"line":185,"column":43}},"58":{"start":{"line":186,"column":4},"end":{"line":186,"column":44}},"59":{"start":{"line":187,"column":4},"end":{"line":187,"column":24}},"60":{"start":{"line":189,"column":3},"end":{"line":189,"column":70}},"61":{"start":{"line":190,"column":3},"end":{"line":190,"column":22}},"62":{"start":{"line":193,"column":2},"end":{"line":193,"column":60}},"63":{"start":{"line":194,"column":2},"end":{"line":194,"column":49}},"64":{"start":{"line":234,"column":0},"end":{"line":257,"column":3}},"65":{"start":{"line":234,"column":73},"end":{"line":257,"column":2}},"66":{"start":{"line":235,"column":1},"end":{"line":256,"column":null}},"67":{"start":{"line":236,"column":17},"end":{"line":236,"column":27}},"68":{"start":{"line":237,"column":2},"end":{"line":237,"column":48}},"69":{"start":{"line":239,"column":20},"end":{"line":241,"column":4}},"70":{"start":{"line":243,"column":2},"end":{"line":246,"column":null}},"71":{"start":{"line":244,"column":3},"end":{"line":244,"column":46}},"72":{"start":{"line":245,"column":3},"end":{"line":245,"column":33}},"73":{"start":{"line":248,"column":17},"end":{"line":248,"column":35}},"74":{"start":{"line":249,"column":2},"end":{"line":249,"column":38}},"75":{"start":{"line":251,"column":2},"end":{"line":251,"column":49}},"76":{"start":{"line":252,"column":2},"end":{"line":252,"column":21}},"77":{"start":{"line":254,"column":2},"end":{"line":254,"column":54}},"78":{"start":{"line":255,"column":2},"end":{"line":255,"column":49}},"79":{"start":{"line":291,"column":0},"end":{"line":355,"column":3}},"80":{"start":{"line":291,"column":75},"end":{"line":355,"column":2}},"81":{"start":{"line":292,"column":16},"end":{"line":292,"column":26}},"82":{"start":{"line":293,"column":23},"end":{"line":293,"column":58}},"83":{"start":{"line":294,"column":22},"end":{"line":294,"column":43}},"84":{"start":{"line":295,"column":33},"end":{"line":295,"column":77}},"85":{"start":{"line":296,"column":26},"end":{"line":296,"column":59}},"86":{"start":{"line":298,"column":1},"end":{"line":298,"column":59}},"87":{"start":{"line":300,"column":24},"end":{"line":300,"column":84}},"88":{"start":{"line":300,"column":53},"end":{"line":300,"column":83}},"89":{"start":{"line":302,"column":1},"end":{"line":305,"column":null}},"90":{"start":{"line":303,"column":2},"end":{"line":303,"column":54}},"91":{"start":{"line":304,"column":2},"end":{"line":304,"column":69}},"92":{"start":{"line":307,"column":1},"end":{"line":310,"column":null}},"93":{"start":{"line":308,"column":2},"end":{"line":308,"column":49}},"94":{"start":{"line":309,"column":2},"end":{"line":309,"column":66}},"95":{"start":{"line":312,"column":1},"end":{"line":354,"column":null}},"96":{"start":{"line":313,"column":2},"end":{"line":335,"column":null}},"97":{"start":{"line":315,"column":3},"end":{"line":322,"column":null}},"98":{"start":{"line":316,"column":29},"end":{"line":318,"column":6}},"99":{"start":{"line":319,"column":4},"end":{"line":319,"column":62}},"100":{"start":{"line":321,"column":4},"end":{"line":321,"column":53}},"101":{"start":{"line":324,"column":3},"end":{"line":324,"column":66}},"102":{"start":{"line":326,"column":3},"end":{"line":334,"column":null}},"103":{"start":{"line":327,"column":28},"end":{"line":329,"column":6}},"104":{"start":{"line":331,"column":4},"end":{"line":333,"column":null}},"105":{"start":{"line":332,"column":5},"end":{"line":332,"column":88}},"106":{"start":{"line":337,"column":18},"end":{"line":337,"column":69}},"107":{"start":{"line":339,"column":2},"end":{"line":342,"column":null}},"108":{"start":{"line":340,"column":3},"end":{"line":340,"column":46}},"109":{"start":{"line":341,"column":3},"end":{"line":341,"column":33}},"110":{"start":{"line":344,"column":2},"end":{"line":344,"column":47}},"111":{"start":{"line":345,"column":2},"end":{"line":345,"column":13}},"112":{"start":{"line":347,"column":2},"end":{"line":350,"column":null}},"113":{"start":{"line":348,"column":3},"end":{"line":348,"column":38}},"114":{"start":{"line":349,"column":3},"end":{"line":349,"column":57}},"115":{"start":{"line":352,"column":2},"end":{"line":352,"column":68}},"116":{"start":{"line":353,"column":2},"end":{"line":353,"column":59}},"117":{"start":{"line":357,"column":0},"end":{"line":357,"column":22}}},"fnMap":{"0":{"name":"(anonymous_8)","decl":{"start":{"line":12,"column":27},"end":{"line":12,"column":34}},"loc":{"start":{"line":12,"column":82},"end":{"line":21,"column":2}}},"1":{"name":"(anonymous_9)","decl":{"start":{"line":12,"column":82},"end":{"line":12,"column":null}},"loc":{"start":{"line":12,"column":82},"end":{"line":21,"column":1}}},"2":{"name":"(anonymous_10)","decl":{"start":{"line":23,"column":28},"end":{"line":23,"column":35}},"loc":{"start":{"line":23,"column":127},"end":{"line":34,"column":2}}},"3":{"name":"(anonymous_11)","decl":{"start":{"line":23,"column":127},"end":{"line":23,"column":null}},"loc":{"start":{"line":23,"column":127},"end":{"line":34,"column":1}}},"4":{"name":"(anonymous_12)","decl":{"start":{"line":62,"column":32},"end":{"line":62,"column":39}},"loc":{"start":{"line":62,"column":70},"end":{"line":96,"column":2}}},"5":{"name":"(anonymous_13)","decl":{"start":{"line":62,"column":70},"end":{"line":62,"column":null}},"loc":{"start":{"line":62,"column":70},"end":{"line":96,"column":1}}},"6":{"name":"(anonymous_14)","decl":{"start":{"line":164,"column":31},"end":{"line":164,"column":38}},"loc":{"start":{"line":164,"column":69},"end":{"line":196,"column":2}}},"7":{"name":"(anonymous_15)","decl":{"start":{"line":164,"column":69},"end":{"line":164,"column":null}},"loc":{"start":{"line":164,"column":69},"end":{"line":196,"column":1}}},"8":{"name":"(anonymous_16)","decl":{"start":{"line":184,"column":35},"end":{"line":184,"column":36}},"loc":{"start":{"line":184,"column":54},"end":{"line":188,"column":4}}},"9":{"name":"(anonymous_17)","decl":{"start":{"line":234,"column":35},"end":{"line":234,"column":42}},"loc":{"start":{"line":234,"column":73},"end":{"line":257,"column":2}}},"10":{"name":"(anonymous_18)","decl":{"start":{"line":234,"column":73},"end":{"line":234,"column":null}},"loc":{"start":{"line":234,"column":73},"end":{"line":257,"column":1}}},"11":{"name":"(anonymous_19)","decl":{"start":{"line":291,"column":37},"end":{"line":291,"column":44}},"loc":{"start":{"line":291,"column":75},"end":{"line":355,"column":2}}},"12":{"name":"(anonymous_20)","decl":{"start":{"line":291,"column":75},"end":{"line":291,"column":null}},"loc":{"start":{"line":291,"column":75},"end":{"line":355,"column":1}}},"13":{"name":"(anonymous_21)","decl":{"start":{"line":300,"column":42},"end":{"line":300,"column":43}},"loc":{"start":{"line":300,"column":53},"end":{"line":300,"column":83}}}},"branchMap":{"0":{"loc":{"start":{"line":13,"column":1},"end":{"line":20,"column":null}},"type":"if","locations":[{"start":{"line":13,"column":1},"end":{"line":20,"column":null}}]},"1":{"loc":{"start":{"line":17,"column":2},"end":{"line":19,"column":null}},"type":"if","locations":[{"start":{"line":17,"column":2},"end":{"line":19,"column":null}}]},"2":{"loc":{"start":{"line":24,"column":34},"end":{"line":24,"column":83}},"type":"cond-expr","locations":[{"start":{"line":24,"column":49},"end":{"line":24,"column":51}},{"start":{"line":24,"column":34},"end":{"line":24,"column":83}}]},"3":{"loc":{"start":{"line":24,"column":34},"end":{"line":24,"column":51}},"type":"binary-expr","locations":[{"start":{"line":24,"column":34},"end":{"line":24,"column":51}},{"start":{"line":24,"column":34},"end":{"line":24,"column":51}}]},"4":{"loc":{"start":{"line":31,"column":1},"end":{"line":33,"column":null}},"type":"if","locations":[{"start":{"line":31,"column":1},"end":{"line":33,"column":null}}]},"5":{"loc":{"start":{"line":66,"column":2},"end":{"line":68,"column":null}},"type":"if","locations":[{"start":{"line":66,"column":2},"end":{"line":68,"column":null}}]},"6":{"loc":{"start":{"line":66,"column":6},"end":{"line":66,"column":51}},"type":"binary-expr","locations":[{"start":{"line":66,"column":6},"end":{"line":66,"column":17}},{"start":{"line":66,"column":21},"end":{"line":66,"column":51}}]},"7":{"loc":{"start":{"line":70,"column":2},"end":{"line":72,"column":null}},"type":"if","locations":[{"start":{"line":70,"column":2},"end":{"line":72,"column":null}}]},"8":{"loc":{"start":{"line":77,"column":2},"end":{"line":82,"column":null}},"type":"if","locations":[{"start":{"line":77,"column":2},"end":{"line":82,"column":null}}]},"9":{"loc":{"start":{"line":167,"column":16},"end":{"line":167,"column":64}},"type":"binary-expr","locations":[{"start":{"line":167,"column":16},"end":{"line":167,"column":51}},{"start":{"line":167,"column":55},"end":{"line":167,"column":64}}]},"10":{"loc":{"start":{"line":168,"column":17},"end":{"line":168,"column":66}},"type":"binary-expr","locations":[{"start":{"line":168,"column":17},"end":{"line":168,"column":53}},{"start":{"line":168,"column":57},"end":{"line":168,"column":66}}]},"11":{"loc":{"start":{"line":172,"column":2},"end":{"line":172,"column":50}},"type":"if","locations":[{"start":{"line":172,"column":2},"end":{"line":172,"column":50}}]},"12":{"loc":{"start":{"line":173,"column":2},"end":{"line":173,"column":62}},"type":"if","locations":[{"start":{"line":173,"column":2},"end":{"line":173,"column":62}}]},"13":{"loc":{"start":{"line":174,"column":2},"end":{"line":174,"column":95}},"type":"if","locations":[{"start":{"line":174,"column":2},"end":{"line":174,"column":95}}]},"14":{"loc":{"start":{"line":183,"column":2},"end":{"line":191,"column":null}},"type":"if","locations":[{"start":{"line":183,"column":2},"end":{"line":191,"column":null}}]},"15":{"loc":{"start":{"line":243,"column":2},"end":{"line":246,"column":null}},"type":"if","locations":[{"start":{"line":243,"column":2},"end":{"line":246,"column":null}}]},"16":{"loc":{"start":{"line":302,"column":1},"end":{"line":305,"column":null}},"type":"if","locations":[{"start":{"line":302,"column":1},"end":{"line":305,"column":null}}]},"17":{"loc":{"start":{"line":307,"column":1},"end":{"line":310,"column":null}},"type":"if","locations":[{"start":{"line":307,"column":1},"end":{"line":310,"column":null}}]},"18":{"loc":{"start":{"line":307,"column":5},"end":{"line":307,"column":100}},"type":"binary-expr","locations":[{"start":{"line":307,"column":5},"end":{"line":307,"column":49}},{"start":{"line":307,"column":53},"end":{"line":307,"column":100}}]},"19":{"loc":{"start":{"line":313,"column":2},"end":{"line":335,"column":null}},"type":"if","locations":[{"start":{"line":313,"column":2},"end":{"line":335,"column":null}}]},"20":{"loc":{"start":{"line":313,"column":6},"end":{"line":313,"column":49}},"type":"binary-expr","locations":[{"start":{"line":313,"column":6},"end":{"line":313,"column":29}},{"start":{"line":313,"column":33},"end":{"line":313,"column":49}}]},"21":{"loc":{"start":{"line":315,"column":3},"end":{"line":322,"column":null}},"type":"if","locations":[{"start":{"line":315,"column":3},"end":{"line":322,"column":null}},{"start":{"line":320,"column":10},"end":{"line":322,"column":null}}]},"22":{"loc":{"start":{"line":319,"column":24},"end":{"line":319,"column":61}},"type":"cond-expr","locations":[{"start":{"line":319,"column":40},"end":{"line":319,"column":42}},{"start":{"line":319,"column":24},"end":{"line":319,"column":61}}]},"23":{"loc":{"start":{"line":319,"column":24},"end":{"line":319,"column":42}},"type":"binary-expr","locations":[{"start":{"line":319,"column":24},"end":{"line":319,"column":42}},{"start":{"line":319,"column":24},"end":{"line":319,"column":42}}]},"24":{"loc":{"start":{"line":326,"column":3},"end":{"line":334,"column":null}},"type":"if","locations":[{"start":{"line":326,"column":3},"end":{"line":334,"column":null}}]},"25":{"loc":{"start":{"line":331,"column":4},"end":{"line":333,"column":null}},"type":"if","locations":[{"start":{"line":331,"column":4},"end":{"line":333,"column":null}}]},"26":{"loc":{"start":{"line":339,"column":2},"end":{"line":342,"column":null}},"type":"if","locations":[{"start":{"line":339,"column":2},"end":{"line":342,"column":null}}]},"27":{"loc":{"start":{"line":347,"column":2},"end":{"line":350,"column":null}},"type":"if","locations":[{"start":{"line":347,"column":2},"end":{"line":350,"column":null}}]},"28":{"loc":{"start":{"line":347,"column":6},"end":{"line":347,"column":73}},"type":"binary-expr","locations":[{"start":{"line":347,"column":6},"end":{"line":347,"column":47}},{"start":{"line":347,"column":51},"end":{"line":347,"column":73}}]}},"s":{"0":4,"1":4,"2":4,"3":4,"4":4,"5":4,"6":4,"7":4,"8":4,"9":4,"10":12,"11":12,"12":4,"13":4,"14":4,"15":4,"16":7,"17":7,"18":7,"19":7,"20":2,"21":4,"22":9,"23":9,"24":9,"25":9,"26":1,"27":8,"28":1,"29":7,"30":7,"31":7,"32":1,"33":1,"34":6,"35":4,"36":3,"37":2,"38":2,"39":6,"40":6,"41":4,"42":7,"43":7,"44":7,"45":7,"46":7,"47":7,"48":7,"49":2,"50":7,"51":2,"52":7,"53":2,"54":7,"55":7,"56":7,"57":7,"58":7,"59":7,"60":7,"61":7,"62":0,"63":0,"64":4,"65":3,"66":3,"67":3,"68":3,"69":3,"70":3,"71":2,"72":2,"73":1,"74":1,"75":1,"76":1,"77":0,"78":0,"79":4,"80":8,"81":8,"82":8,"83":8,"84":8,"85":8,"86":8,"87":8,"88":9,"89":8,"90":1,"91":1,"92":7,"93":1,"94":1,"95":6,"96":6,"97":6,"98":3,"99":3,"100":3,"101":6,"102":4,"103":3,"104":3,"105":3,"106":3,"107":3,"108":1,"109":1,"110":2,"111":2,"112":3,"113":3,"114":3,"115":0,"116":0,"117":4},"f":{"0":12,"1":12,"2":7,"3":7,"4":9,"5":9,"6":7,"7":7,"8":7,"9":3,"10":3,"11":8,"12":8,"13":9},"b":{"0":[4],"1":[4],"2":[0,7],"3":[7,7],"4":[2],"5":[1],"6":[9,1],"7":[1],"8":[1],"9":[7,7],"10":[7,7],"11":[2],"12":[2],"13":[2],"14":[7],"15":[2],"16":[1],"17":[1],"18":[7,4],"19":[6],"20":[6,3],"21":[3,3],"22":[1,2],"23":[3,2],"24":[3],"25":[3],"26":[1],"27":[3],"28":[3,3]}}
,"C:\\Users\\mwrobel\\OneDrive - TRANSITION TECHNOLOGIES PSC S.A\\Desktop\\magisterka\\charging-station\\src\\router\\token.ts": {"path":"C:\\Users\\mwrobel\\OneDrive - TRANSITION TECHNOLOGIES PSC S.A\\Desktop\\magisterka\\charging-station\\src\\router\\token.ts","statementMap":{"0":{"start":{"line":1,"column":0},"end":{"line":1,"column":53}},"1":{"start":{"line":2,"column":0},"end":{"line":2,"column":31}},"2":{"start":{"line":3,"column":0},"end":{"line":3,"column":35}},"3":{"start":{"line":4,"column":0},"end":{"line":4,"column":73}},"4":{"start":{"line":6,"column":15},"end":{"line":6,"column":31}},"5":{"start":{"line":33,"column":0},"end":{"line":45,"column":3}},"6":{"start":{"line":33,"column":87},"end":{"line":45,"column":2}},"7":{"start":{"line":34,"column":16},"end":{"line":34,"column":38}},"8":{"start":{"line":35,"column":1},"end":{"line":44,"column":null}},"9":{"start":{"line":36,"column":2},"end":{"line":36,"column":56}},"10":{"start":{"line":36,"column":15},"end":{"line":36,"column":56}},"11":{"start":{"line":37,"column":16},"end":{"line":39,"column":4}},"12":{"start":{"line":40,"column":2},"end":{"line":40,"column":27}},"13":{"start":{"line":41,"column":2},"end":{"line":41,"column":22}},"14":{"start":{"line":43,"column":2},"end":{"line":43,"column":49}},"15":{"start":{"line":68,"column":0},"end":{"line":83,"column":3}},"16":{"start":{"line":68,"column":94},"end":{"line":83,"column":2}},"17":{"start":{"line":69,"column":16},"end":{"line":69,"column":38}},"18":{"start":{"line":70,"column":1},"end":{"line":82,"column":null}},"19":{"start":{"line":71,"column":2},"end":{"line":71,"column":56}},"20":{"start":{"line":71,"column":15},"end":{"line":71,"column":56}},"21":{"start":{"line":72,"column":2},"end":{"line":72,"column":65}},"22":{"start":{"line":72,"column":18},"end":{"line":72,"column":65}},"23":{"start":{"line":74,"column":16},"end":{"line":76,"column":4}},"24":{"start":{"line":77,"column":2},"end":{"line":77,"column":23}},"25":{"start":{"line":78,"column":2},"end":{"line":78,"column":27}},"26":{"start":{"line":79,"column":2},"end":{"line":79,"column":29}},"27":{"start":{"line":81,"column":2},"end":{"line":81,"column":49}},"28":{"start":{"line":85,"column":0},"end":{"line":85,"column":22}}},"fnMap":{"0":{"name":"(anonymous_8)","decl":{"start":{"line":33,"column":49},"end":{"line":33,"column":56}},"loc":{"start":{"line":33,"column":87},"end":{"line":45,"column":2}}},"1":{"name":"(anonymous_9)","decl":{"start":{"line":33,"column":87},"end":{"line":33,"column":null}},"loc":{"start":{"line":33,"column":87},"end":{"line":45,"column":1}}},"2":{"name":"(anonymous_10)","decl":{"start":{"line":68,"column":47},"end":{"line":68,"column":54}},"loc":{"start":{"line":68,"column":94},"end":{"line":83,"column":2}}},"3":{"name":"(anonymous_11)","decl":{"start":{"line":68,"column":94},"end":{"line":68,"column":null}},"loc":{"start":{"line":68,"column":94},"end":{"line":83,"column":1}}}},"branchMap":{"0":{"loc":{"start":{"line":36,"column":2},"end":{"line":36,"column":56}},"type":"if","locations":[{"start":{"line":36,"column":2},"end":{"line":36,"column":56}}]},"1":{"loc":{"start":{"line":71,"column":2},"end":{"line":71,"column":56}},"type":"if","locations":[{"start":{"line":71,"column":2},"end":{"line":71,"column":56}}]},"2":{"loc":{"start":{"line":72,"column":2},"end":{"line":72,"column":65}},"type":"if","locations":[{"start":{"line":72,"column":2},"end":{"line":72,"column":65}}]}},"s":{"0":4,"1":4,"2":4,"3":4,"4":4,"5":4,"6":2,"7":2,"8":2,"9":2,"10":1,"11":1,"12":1,"13":1,"14":1,"15":4,"16":1,"17":1,"18":1,"19":1,"20":0,"21":1,"22":0,"23":1,"24":1,"25":1,"26":1,"27":0,"28":4},"f":{"0":2,"1":2,"2":1,"3":1},"b":{"0":[1],"1":[0],"2":[0]}}
,"C:\\Users\\mwrobel\\OneDrive - TRANSITION TECHNOLOGIES PSC S.A\\Desktop\\magisterka\\charging-station\\src\\utils\\cache.ts": {"path":"C:\\Users\\mwrobel\\OneDrive - TRANSITION TECHNOLOGIES PSC S.A\\Desktop\\magisterka\\charging-station\\src\\utils\\cache.ts","statementMap":{"0":{"start":{"line":1,"column":0},"end":{"line":1,"column":35}},"1":{"start":{"line":2,"column":14},"end":{"line":2,"column":29}},"2":{"start":{"line":3,"column":0},"end":{"line":3,"column":21}}},"fnMap":{},"branchMap":{},"s":{"0":5,"1":5,"2":5},"f":{},"b":{}}
,"C:\\Users\\mwrobel\\OneDrive - TRANSITION TECHNOLOGIES PSC S.A\\Desktop\\magisterka\\charging-station\\src\\utils\\logger.ts": {"path":"C:\\Users\\mwrobel\\OneDrive - TRANSITION TECHNOLOGIES PSC S.A\\Desktop\\magisterka\\charging-station\\src\\utils\\logger.ts","statementMap":{"0":{"start":{"line":1,"column":0},"end":{"line":1,"column":30}},"1":{"start":{"line":7,"column":2},"end":{"line":14,"column":5}},"2":{"start":{"line":11,"column":36},"end":{"line":11,"column":131}},"3":{"start":{"line":18,"column":2},"end":{"line":18,"column":41}},"4":{"start":{"line":22,"column":2},"end":{"line":22,"column":42}},"5":{"start":{"line":26,"column":2},"end":{"line":26,"column":137}},"6":{"start":{"line":30,"column":2},"end":{"line":30,"column":73}},"7":{"start":{"line":34,"column":2},"end":{"line":34,"column":99}},"8":{"start":{"line":38,"column":2},"end":{"line":41,"column":4}},"9":{"start":{"line":45,"column":2},"end":{"line":47,"column":5}},"10":{"start":{"line":51,"column":2},"end":{"line":51,"column":99}},"11":{"start":{"line":55,"column":2},"end":{"line":57,"column":5}},"12":{"start":{"line":61,"column":2},"end":{"line":63,"column":5}},"13":{"start":{"line":67,"column":2},"end":{"line":69,"column":5}},"14":{"start":{"line":73,"column":2},"end":{"line":75,"column":5}},"15":{"start":{"line":79,"column":15},"end":{"line":79,"column":27}},"16":{"start":{"line":81,"column":0},"end":{"line":81,"column":22}}},"fnMap":{"0":{"name":"(anonymous_1)","decl":{"start":{"line":6,"column":1},"end":{"line":6,"column":null}},"loc":{"start":{"line":6,"column":1},"end":{"line":15,"column":2}}},"1":{"name":"(anonymous_2)","decl":{"start":{"line":11,"column":26},"end":{"line":11,"column":27}},"loc":{"start":{"line":11,"column":36},"end":{"line":11,"column":131}}},"2":{"name":"(anonymous_3)","decl":{"start":{"line":17,"column":1},"end":{"line":17,"column":5}},"loc":{"start":{"line":17,"column":39},"end":{"line":19,"column":2}}},"3":{"name":"(anonymous_4)","decl":{"start":{"line":21,"column":1},"end":{"line":21,"column":6}},"loc":{"start":{"line":21,"column":40},"end":{"line":23,"column":2}}},"4":{"name":"(anonymous_5)","decl":{"start":{"line":25,"column":1},"end":{"line":25,"column":12}},"loc":{"start":{"line":25,"column":75},"end":{"line":27,"column":2}}},"5":{"name":"(anonymous_6)","decl":{"start":{"line":29,"column":1},"end":{"line":29,"column":18}},"loc":{"start":{"line":29,"column":50},"end":{"line":31,"column":2}}},"6":{"name":"(anonymous_7)","decl":{"start":{"line":33,"column":1},"end":{"line":33,"column":16}},"loc":{"start":{"line":33,"column":70},"end":{"line":35,"column":2}}},"7":{"name":"(anonymous_8)","decl":{"start":{"line":37,"column":1},"end":{"line":37,"column":17}},"loc":{"start":{"line":37,"column":116},"end":{"line":42,"column":2}}},"8":{"name":"(anonymous_9)","decl":{"start":{"line":44,"column":1},"end":{"line":44,"column":21}},"loc":{"start":{"line":44,"column":65},"end":{"line":48,"column":2}}},"9":{"name":"(anonymous_10)","decl":{"start":{"line":50,"column":1},"end":{"line":50,"column":15}},"loc":{"start":{"line":50,"column":69},"end":{"line":52,"column":2}}},"10":{"name":"(anonymous_11)","decl":{"start":{"line":54,"column":1},"end":{"line":54,"column":17}},"loc":{"start":{"line":54,"column":61},"end":{"line":58,"column":2}}},"11":{"name":"(anonymous_12)","decl":{"start":{"line":60,"column":1},"end":{"line":60,"column":25}},"loc":{"start":{"line":60,"column":60},"end":{"line":64,"column":2}}},"12":{"name":"(anonymous_13)","decl":{"start":{"line":66,"column":1},"end":{"line":66,"column":19}},"loc":{"start":{"line":66,"column":63},"end":{"line":70,"column":2}}},"13":{"name":"(anonymous_14)","decl":{"start":{"line":72,"column":1},"end":{"line":72,"column":25}},"loc":{"start":{"line":72,"column":91},"end":{"line":76,"column":2}}}},"branchMap":{"0":{"loc":{"start":{"line":11,"column":90},"end":{"line":11,"column":111}},"type":"binary-expr","locations":[{"start":{"line":11,"column":90},"end":{"line":11,"column":102}},{"start":{"line":11,"column":106},"end":{"line":11,"column":111}}]},"1":{"loc":{"start":{"line":26,"column":64},"end":{"line":26,"column":113}},"type":"cond-expr","locations":[{"start":{"line":26,"column":72},"end":{"line":26,"column":74}},{"start":{"line":26,"column":77},"end":{"line":26,"column":113}}]},"2":{"loc":{"start":{"line":39,"column":66},"end":{"line":39,"column":98}},"type":"cond-expr","locations":[{"start":{"line":39,"column":74},"end":{"line":39,"column":93}},{"start":{"line":39,"column":96},"end":{"line":39,"column":98}}]},"3":{"loc":{"start":{"line":39,"column":101},"end":{"line":39,"column":136}},"type":"cond-expr","locations":[{"start":{"line":39,"column":110},"end":{"line":39,"column":131}},{"start":{"line":39,"column":134},"end":{"line":39,"column":136}}]}},"s":{"0":4,"1":4,"2":323,"3":160,"4":10,"5":80,"6":6,"7":20,"8":21,"9":3,"10":0,"11":9,"12":10,"13":4,"14":0,"15":4,"16":4},"f":{"0":4,"1":323,"2":160,"3":10,"4":80,"5":6,"6":20,"7":21,"8":3,"9":0,"10":9,"11":10,"12":4,"13":0},"b":{"0":[323,163],"1":[30,50],"2":[1,20],"3":[1,20]}}
,"C:\\Users\\mwrobel\\OneDrive - TRANSITION TECHNOLOGIES PSC S.A\\Desktop\\magisterka\\charging-station\\tests\\fixtures\\db.ts": {"path":"C:\\Users\\mwrobel\\OneDrive - TRANSITION TECHNOLOGIES PSC S.A\\Desktop\\magisterka\\charging-station\\tests\\fixtures\\db.ts","statementMap":{"0":{"start":{"line":1,"column":29},"end":{"line":6,"column":null}},"1":{"start":{"line":57,"column":4},"end":{"line":57,"column":24}},"2":{"start":{"line":8,"column":29},"end":{"line":13,"column":null}},"3":{"start":{"line":58,"column":4},"end":{"line":58,"column":24}},"4":{"start":{"line":15,"column":25},"end":{"line":20,"column":null}},"5":{"start":{"line":59,"column":4},"end":{"line":59,"column":20}},"6":{"start":{"line":22,"column":25},"end":{"line":27,"column":null}},"7":{"start":{"line":60,"column":4},"end":{"line":60,"column":20}},"8":{"start":{"line":29,"column":25},"end":{"line":34,"column":null}},"9":{"start":{"line":61,"column":4},"end":{"line":61,"column":20}},"10":{"start":{"line":36,"column":19},"end":{"line":39,"column":null}},"11":{"start":{"line":62,"column":4},"end":{"line":62,"column":14}},"12":{"start":{"line":41,"column":19},"end":{"line":44,"column":null}},"13":{"start":{"line":63,"column":4},"end":{"line":63,"column":14}},"14":{"start":{"line":46,"column":19},"end":{"line":49,"column":null}},"15":{"start":{"line":64,"column":4},"end":{"line":64,"column":14}},"16":{"start":{"line":51,"column":19},"end":{"line":54,"column":null}},"17":{"start":{"line":65,"column":4},"end":{"line":65,"column":14}}},"fnMap":{},"branchMap":{},"s":{"0":3,"1":3,"2":3,"3":3,"4":3,"5":3,"6":3,"7":3,"8":3,"9":3,"10":3,"11":3,"12":3,"13":3,"14":3,"15":3,"16":3,"17":3},"f":{},"b":{}}
}
