TN:
SF:src\app.ts
FNF:0
FNH:0
DA:1,4
DA:2,4
DA:3,4
DA:4,4
DA:5,4
DA:6,4
DA:7,4
DA:8,4
DA:10,4
DA:12,4
DA:14,4
DA:15,4
DA:16,4
DA:17,4
DA:18,4
DA:19,4
DA:21,4
LF:17
LH:17
BRF:0
BRH:0
end_of_record
TN:
SF:src\db\dbinit.ts
FN:23,initializeDatabase
FNF:1
FNH:1
FNDA:86,initializeDatabase
DA:1,5
DA:2,5
DA:3,5
DA:4,5
DA:5,5
DA:8,5
DA:9,5
DA:11,0
DA:19,5
DA:20,5
DA:21,5
DA:24,86
DA:25,86
DA:26,86
DA:27,86
DA:28,86
DA:30,86
DA:31,82
DA:32,81
DA:34,81
DA:67,81
DA:68,404
DA:74,78
DA:76,4
DA:79,3
DA:83,5
LF:26
LH:25
BRDA:8,0,0,5
BRDA:8,0,1,0
BRDA:30,1,0,82
BRDA:30,1,1,4
BRF:4
BRH:3
end_of_record
TN:
SF:src\docs\swagger.ts
FNF:0
FNH:0
DA:1,4
DA:2,4
DA:4,4
DA:16,4
DA:17,4
LF:5
LH:5
BRF:0
BRH:0
end_of_record
TN:
SF:src\middleware\auth.ts
FN:5,(anonymous_8)
FN:5,(anonymous_9)
FN:15,(anonymous_10)
FN:15,(anonymous_11)
FN:26,(anonymous_12)
FN:26,(anonymous_13)
FN:37,(anonymous_14)
FN:37,(anonymous_15)
FNF:8
FNH:8
FNDA:16,(anonymous_8)
FNDA:16,(anonymous_9)
FNDA:6,(anonymous_10)
FNDA:6,(anonymous_11)
FNDA:10,(anonymous_12)
FNDA:10,(anonymous_13)
FNDA:7,(anonymous_14)
FNDA:7,(anonymous_15)
DA:2,2
DA:3,2
DA:5,16
DA:6,16
DA:7,16
DA:8,13
DA:9,10
DA:10,10
DA:11,10
DA:12,7
DA:15,6
DA:16,6
DA:17,6
DA:18,3
DA:19,1
DA:20,1
DA:22,5
DA:26,10
DA:27,10
DA:28,10
DA:29,4
DA:30,2
DA:31,2
DA:33,8
DA:37,7
DA:38,7
DA:39,7
DA:41,7
DA:43,5
DA:44,2
DA:47,3
DA:50,2
LF:32
LH:32
BRDA:7,0,0,3
BRDA:8,1,0,3
BRDA:11,2,0,3
BRDA:19,3,0,0
BRDA:41,4,0,2
BRDA:43,5,0,2
BRDA:43,6,0,5
BRDA:43,6,1,4
BRF:8
BRH:7
end_of_record
TN:
SF:src\models\chargingStation.model.ts
FN:13,(anonymous_0)
FNF:1
FNH:1
FNDA:5,(anonymous_0)
DA:1,5
DA:2,5
DA:13,5
DA:14,5
DA:52,5
DA:58,5
LF:6
LH:6
BRF:0
BRH:0
end_of_record
TN:
SF:src\models\chargingStationType.model.ts
FN:11,(anonymous_7)
FN:11,(anonymous_8)
FNF:2
FNH:2
FNDA:5,(anonymous_7)
FNDA:5,(anonymous_8)
DA:1,5
DA:11,5
DA:12,5
DA:60,5
LF:4
LH:4
BRF:0
BRH:0
end_of_record
TN:
SF:src\models\connector.model.ts
FN:11,(anonymous_0)
FNF:1
FNH:1
FNDA:5,(anonymous_0)
DA:1,5
DA:2,5
DA:11,5
DA:12,5
DA:42,5
DA:48,5
LF:6
LH:6
BRF:0
BRH:0
end_of_record
TN:
SF:src\router\chargingstation.ts
FN:39,(anonymous_8)
FN:39,(anonymous_9)
FN:155,(anonymous_10)
FN:155,(anonymous_11)
FN:177,(anonymous_12)
FN:228,(anonymous_13)
FN:228,(anonymous_14)
FN:287,(anonymous_15)
FN:287,(anonymous_16)
FN:307,(anonymous_17)
FNF:10
FNH:10
FNDA:10,(anonymous_8)
FNDA:10,(anonymous_9)
FNDA:6,(anonymous_10)
FNDA:6,(anonymous_11)
FNDA:14,(anonymous_12)
FNDA:3,(anonymous_13)
FNDA:3,(anonymous_14)
FNDA:7,(anonymous_15)
FNDA:7,(anonymous_16)
FNDA:6,(anonymous_17)
DA:1,4
DA:2,4
DA:3,4
DA:4,4
DA:5,4
DA:6,4
DA:8,4
DA:9,4
DA:39,10
DA:40,10
DA:41,10
DA:43,10
DA:44,1
DA:47,9
DA:48,1
DA:51,7
DA:52,2
DA:55,5
DA:56,5
DA:58,5
DA:59,1
DA:60,1
DA:63,4
DA:65,2
DA:66,2
DA:68,7
DA:69,7
DA:155,6
DA:156,6
DA:157,6
DA:158,6
DA:159,6
DA:161,6
DA:163,6
DA:164,6
DA:165,6
DA:166,6
DA:167,6
DA:169,6
DA:176,6
DA:177,6
DA:178,14
DA:179,14
DA:180,14
DA:182,6
DA:183,6
DA:186,0
DA:187,0
DA:228,4
DA:229,3
DA:230,3
DA:231,3
DA:233,3
DA:237,3
DA:238,2
DA:239,2
DA:242,1
DA:243,1
DA:245,1
DA:246,1
DA:248,0
DA:249,0
DA:287,7
DA:288,7
DA:289,7
DA:290,7
DA:292,7
DA:294,7
DA:295,2
DA:296,2
DA:299,5
DA:303,2
DA:304,2
DA:307,6
DA:309,3
DA:310,1
DA:311,1
DA:314,2
DA:315,2
DA:319,2
DA:320,1
DA:321,1
DA:324,1
DA:325,1
DA:327,0
DA:328,0
DA:329,0
DA:332,0
DA:333,0
DA:337,4
LF:90
LH:81
BRDA:43,0,0,1
BRDA:43,1,0,10
BRDA:43,1,1,2
BRDA:47,2,0,1
BRDA:51,3,0,2
BRDA:51,4,0,7
BRDA:51,4,1,6
BRDA:58,5,0,1
BRDA:158,6,0,6
BRDA:158,6,1,6
BRDA:159,7,0,6
BRDA:159,7,1,6
BRDA:163,8,0,1
BRDA:164,9,0,1
BRDA:165,10,0,1
BRDA:166,11,0,1
BRDA:167,12,0,1
BRDA:176,13,0,6
BRDA:237,14,0,2
BRDA:294,15,0,2
BRDA:294,16,0,7
BRDA:294,16,1,3
BRDA:294,16,2,2
BRDA:299,17,0,2
BRDA:300,18,0,5
BRDA:300,18,1,2
BRDA:300,18,2,4
BRDA:300,18,3,2
BRDA:309,19,0,1
BRDA:319,20,0,1
BRDA:327,21,0,0
BRF:31
BRH:30
end_of_record
TN:
SF:src\router\chargingstationtype.ts
FN:36,(anonymous_8)
FN:36,(anonymous_9)
FN:126,(anonymous_10)
FN:126,(anonymous_11)
FN:189,(anonymous_12)
FN:189,(anonymous_13)
FN:243,(anonymous_14)
FN:243,(anonymous_15)
FN:250,(anonymous_16)
FNF:9
FNH:9
FNDA:9,(anonymous_8)
FNDA:9,(anonymous_9)
FNDA:8,(anonymous_10)
FNDA:8,(anonymous_11)
FNDA:3,(anonymous_12)
FNDA:3,(anonymous_13)
FNDA:7,(anonymous_14)
FNDA:7,(anonymous_15)
FNDA:9,(anonymous_16)
DA:1,4
DA:2,4
DA:3,4
DA:4,4
DA:5,4
DA:6,4
DA:8,4
DA:9,4
DA:36,9
DA:37,9
DA:38,9
DA:39,9
DA:40,1
DA:42,8
DA:44,2
DA:45,2
DA:47,7
DA:48,7
DA:126,8
DA:127,8
DA:128,8
DA:129,8
DA:130,8
DA:132,8
DA:134,8
DA:135,8
DA:136,8
DA:137,8
DA:139,8
DA:140,1
DA:145,8
DA:150,8
DA:151,8
DA:153,0
DA:154,0
DA:189,4
DA:190,3
DA:191,3
DA:192,3
DA:194,3
DA:196,3
DA:197,2
DA:198,2
DA:201,1
DA:202,1
DA:204,0
DA:205,0
DA:243,7
DA:244,7
DA:245,7
DA:246,7
DA:248,7
DA:250,9
DA:252,7
DA:253,1
DA:254,1
DA:257,6
DA:258,6
DA:262,2
DA:263,1
DA:264,1
DA:267,1
DA:268,1
DA:270,4
DA:271,4
DA:272,4
DA:275,0
DA:276,0
DA:280,4
LF:69
LH:63
BRDA:39,0,0,1
BRDA:39,1,0,9
BRDA:39,1,1,1
BRDA:129,2,0,8
BRDA:129,2,1,7
BRDA:130,3,0,8
BRDA:130,3,1,7
BRDA:134,4,0,1
BRDA:135,5,0,1
BRDA:136,6,0,1
BRDA:137,7,0,1
BRDA:139,8,0,1
BRDA:139,9,0,8
BRDA:139,9,1,1
BRDA:196,10,0,2
BRDA:252,11,0,1
BRDA:262,12,0,1
BRDA:270,13,0,4
BRF:18
BRH:18
end_of_record
TN:
SF:src\router\connector.ts
FN:12,(anonymous_8)
FN:12,(anonymous_9)
FN:23,(anonymous_10)
FN:23,(anonymous_11)
FN:62,(anonymous_12)
FN:62,(anonymous_13)
FN:164,(anonymous_14)
FN:164,(anonymous_15)
FN:184,(anonymous_16)
FN:234,(anonymous_17)
FN:234,(anonymous_18)
FN:291,(anonymous_19)
FN:291,(anonymous_20)
FN:300,(anonymous_21)
FNF:14
FNH:14
FNDA:12,(anonymous_8)
FNDA:12,(anonymous_9)
FNDA:7,(anonymous_10)
FNDA:7,(anonymous_11)
FNDA:9,(anonymous_12)
FNDA:9,(anonymous_13)
FNDA:7,(anonymous_14)
FNDA:7,(anonymous_15)
FNDA:7,(anonymous_16)
FNDA:3,(anonymous_17)
FNDA:3,(anonymous_18)
FNDA:8,(anonymous_19)
FNDA:8,(anonymous_20)
FNDA:9,(anonymous_21)
DA:1,4
DA:2,4
DA:3,4
DA:4,4
DA:5,4
DA:6,4
DA:8,4
DA:9,4
DA:10,4
DA:12,12
DA:13,12
DA:14,4
DA:17,4
DA:18,4
DA:23,7
DA:24,7
DA:25,7
DA:31,7
DA:32,2
DA:62,9
DA:63,9
DA:64,9
DA:66,9
DA:67,1
DA:70,8
DA:71,1
DA:74,7
DA:75,7
DA:77,7
DA:78,1
DA:79,1
DA:84,6
DA:86,4
DA:88,3
DA:90,2
DA:91,2
DA:93,6
DA:94,6
DA:164,7
DA:165,7
DA:166,7
DA:167,7
DA:168,7
DA:170,7
DA:172,7
DA:173,7
DA:174,7
DA:176,7
DA:183,7
DA:184,7
DA:185,7
DA:186,7
DA:187,7
DA:189,7
DA:190,7
DA:193,0
DA:194,0
DA:234,4
DA:235,3
DA:236,3
DA:237,3
DA:239,3
DA:243,3
DA:244,2
DA:245,2
DA:248,1
DA:249,1
DA:251,1
DA:252,1
DA:254,0
DA:255,0
DA:291,8
DA:292,8
DA:293,8
DA:294,8
DA:295,8
DA:296,8
DA:298,8
DA:300,9
DA:302,8
DA:303,1
DA:304,1
DA:307,7
DA:308,1
DA:309,1
DA:312,6
DA:313,6
DA:315,6
DA:316,3
DA:319,3
DA:321,3
DA:324,6
DA:326,4
DA:327,3
DA:331,3
DA:332,3
DA:337,3
DA:339,3
DA:340,1
DA:341,1
DA:344,2
DA:345,2
DA:347,3
DA:348,3
DA:349,3
DA:352,0
DA:353,0
DA:357,4
LF:108
LH:102
BRDA:13,0,0,4
BRDA:17,1,0,4
BRDA:24,2,0,0
BRDA:24,2,1,7
BRDA:24,3,0,7
BRDA:24,3,1,7
BRDA:31,4,0,2
BRDA:66,5,0,1
BRDA:66,6,0,9
BRDA:66,6,1,1
BRDA:70,7,0,1
BRDA:77,8,0,1
BRDA:167,9,0,7
BRDA:167,9,1,7
BRDA:168,10,0,7
BRDA:168,10,1,7
BRDA:172,11,0,2
BRDA:173,12,0,2
BRDA:174,13,0,2
BRDA:183,14,0,7
BRDA:243,15,0,2
BRDA:302,16,0,1
BRDA:307,17,0,1
BRDA:307,18,0,7
BRDA:307,18,1,4
BRDA:313,19,0,6
BRDA:313,20,0,6
BRDA:313,20,1,3
BRDA:315,21,0,3
BRDA:315,21,1,3
BRDA:319,22,0,1
BRDA:319,22,1,2
BRDA:319,23,0,3
BRDA:319,23,1,2
BRDA:326,24,0,3
BRDA:331,25,0,3
BRDA:339,26,0,1
BRDA:347,27,0,3
BRDA:347,28,0,3
BRDA:347,28,1,3
BRF:40
BRH:39
end_of_record
TN:
SF:src\router\token.ts
FN:33,(anonymous_8)
FN:33,(anonymous_9)
FN:68,(anonymous_10)
FN:68,(anonymous_11)
FNF:4
FNH:4
FNDA:2,(anonymous_8)
FNDA:2,(anonymous_9)
FNDA:1,(anonymous_10)
FNDA:1,(anonymous_11)
DA:1,4
DA:2,4
DA:3,4
DA:4,4
DA:6,4
DA:33,4
DA:34,2
DA:35,2
DA:36,2
DA:37,1
DA:40,1
DA:41,1
DA:43,1
DA:68,4
DA:69,1
DA:70,1
DA:71,1
DA:72,1
DA:74,1
DA:77,1
DA:78,1
DA:79,1
DA:81,0
DA:85,4
LF:24
LH:23
BRDA:36,0,0,1
BRDA:71,1,0,0
BRDA:72,2,0,0
BRF:3
BRH:1
end_of_record
TN:
SF:src\utils\cache.ts
FNF:0
FNH:0
DA:1,5
DA:2,5
DA:3,5
LF:3
LH:3
BRF:0
BRH:0
end_of_record
TN:
SF:src\utils\logger.ts
FN:6,(anonymous_1)
FN:11,(anonymous_2)
FN:17,(anonymous_3)
FN:21,(anonymous_4)
FN:25,(anonymous_5)
FN:29,(anonymous_6)
FN:33,(anonymous_7)
FN:37,(anonymous_8)
FN:44,(anonymous_9)
FN:50,(anonymous_10)
FN:54,(anonymous_11)
FN:60,(anonymous_12)
FN:66,(anonymous_13)
FN:72,(anonymous_14)
FNF:14
FNH:12
FNDA:4,(anonymous_1)
FNDA:323,(anonymous_2)
FNDA:160,(anonymous_3)
FNDA:10,(anonymous_4)
FNDA:80,(anonymous_5)
FNDA:6,(anonymous_6)
FNDA:20,(anonymous_7)
FNDA:21,(anonymous_8)
FNDA:3,(anonymous_9)
FNDA:0,(anonymous_10)
FNDA:9,(anonymous_11)
FNDA:10,(anonymous_12)
FNDA:4,(anonymous_13)
FNDA:0,(anonymous_14)
DA:1,4
DA:7,4
DA:11,323
DA:18,160
DA:22,10
DA:26,80
DA:30,6
DA:34,20
DA:38,21
DA:45,3
DA:51,0
DA:55,9
DA:61,10
DA:67,4
DA:73,0
DA:79,4
DA:81,4
LF:17
LH:15
BRDA:11,0,0,323
BRDA:11,0,1,163
BRDA:26,1,0,30
BRDA:26,1,1,50
BRDA:39,2,0,1
BRDA:39,2,1,20
BRDA:39,3,0,1
BRDA:39,3,1,20
BRF:8
BRH:8
end_of_record
TN:
SF:tests\fixtures\db.ts
FNF:0
FNH:0
DA:1,3
DA:8,3
DA:15,3
DA:22,3
DA:29,3
DA:36,3
DA:41,3
DA:46,3
DA:51,3
DA:57,3
DA:58,3
DA:59,3
DA:60,3
DA:61,3
DA:62,3
DA:63,3
DA:64,3
DA:65,3
LF:18
LH:18
BRF:0
BRH:0
end_of_record
